[2017-06-06T21:23:43,247][WARN ][o.e.d.i.m.StringFieldMapper$TypeParser] The [string] field is deprecated, please use [text] or [keyword] instead on [buildNum]
[2017-06-06T21:26:25,608][WARN ][o.e.d.r.RestController   ] Content type detection for rest requests is deprecated. Specify the content type using the [Content-Type] header.
[2017-06-06T21:26:36,941][WARN ][o.e.d.r.RestController   ] Content type detection for rest requests is deprecated. Specify the content type using the [Content-Type] header.
[2017-06-06T21:26:56,317][WARN ][o.e.d.r.RestController   ] Content type detection for rest requests is deprecated. Specify the content type using the [Content-Type] header.
[2017-06-11T19:55:14,212][WARN ][o.e.d.r.a.RestFieldStatsAction] [_field_stats] endpoint is deprecated! Use [_field_caps] instead or run a min/max aggregations on the desired fields.
[2017-06-11T19:55:14,270][WARN ][o.e.d.r.a.RestFieldStatsAction] [_field_stats] endpoint is deprecated! Use [_field_caps] instead or run a min/max aggregations on the desired fields.
[2017-06-11T19:55:41,871][WARN ][o.e.d.r.a.RestFieldStatsAction] [_field_stats] endpoint is deprecated! Use [_field_caps] instead or run a min/max aggregations on the desired fields.
[2017-06-11T19:55:48,141][WARN ][o.e.d.r.a.RestFieldStatsAction] [_field_stats] endpoint is deprecated! Use [_field_caps] instead or run a min/max aggregations on the desired fields.
[2017-06-11T19:55:52,760][WARN ][o.e.d.r.a.RestFieldStatsAction] [_field_stats] endpoint is deprecated! Use [_field_caps] instead or run a min/max aggregations on the desired fields.
[2017-06-11T19:56:33,549][WARN ][o.e.d.r.a.RestFieldStatsAction] [_field_stats] endpoint is deprecated! Use [_field_caps] instead or run a min/max aggregations on the desired fields.
[2017-06-11T19:56:34,815][WARN ][o.e.d.i.m.StringFieldMapper$TypeParser] The [string] field is deprecated, please use [text] or [keyword] instead on [title]
[2017-06-11T19:56:34,816][WARN ][o.e.d.i.m.StringFieldMapper$TypeParser] The [string] field is deprecated, please use [text] or [keyword] instead on [timeFieldName]
[2017-06-11T19:56:34,817][WARN ][o.e.d.i.m.StringFieldMapper$TypeParser] The [string] field is deprecated, please use [text] or [keyword] instead on [intervalName]
[2017-06-11T19:56:34,817][WARN ][o.e.d.i.m.StringFieldMapper$TypeParser] The [string] field is deprecated, please use [text] or [keyword] instead on [fields]
[2017-06-11T19:56:34,818][WARN ][o.e.d.i.m.StringFieldMapper$TypeParser] The [string] field is deprecated, please use [text] or [keyword] instead on [sourceFilters]
[2017-06-11T19:56:34,818][WARN ][o.e.d.i.m.StringFieldMapper$TypeParser] The [string] field is deprecated, please use [text] or [keyword] instead on [fieldFormatMap]
[2017-06-11T19:56:34,820][WARN ][o.e.d.i.m.StringFieldMapper$TypeParser] The [string] field is deprecated, please use [text] or [keyword] instead on [title]
[2017-06-11T19:56:34,820][WARN ][o.e.d.i.m.StringFieldMapper$TypeParser] The [string] field is deprecated, please use [text] or [keyword] instead on [timeFieldName]
[2017-06-11T19:56:34,820][WARN ][o.e.d.i.m.StringFieldMapper$TypeParser] The [string] field is deprecated, please use [text] or [keyword] instead on [intervalName]
[2017-06-11T19:56:34,820][WARN ][o.e.d.i.m.StringFieldMapper$TypeParser] The [string] field is deprecated, please use [text] or [keyword] instead on [fields]
[2017-06-11T19:56:34,820][WARN ][o.e.d.i.m.StringFieldMapper$TypeParser] The [string] field is deprecated, please use [text] or [keyword] instead on [sourceFilters]
[2017-06-11T19:56:34,821][WARN ][o.e.d.i.m.StringFieldMapper$TypeParser] The [string] field is deprecated, please use [text] or [keyword] instead on [fieldFormatMap]
[2017-06-11T19:56:35,088][WARN ][o.e.d.r.a.RestFieldStatsAction] [_field_stats] endpoint is deprecated! Use [_field_caps] instead or run a min/max aggregations on the desired fields.
[2017-06-14T20:03:25,086][WARN ][o.e.d.i.m.StringFieldMapper$TypeParser] The [string] field is deprecated, please use [text] or [keyword] instead on [title]
[2017-06-14T20:03:25,089][WARN ][o.e.d.i.m.StringFieldMapper$TypeParser] The [string] field is deprecated, please use [text] or [keyword] instead on [description]
[2017-06-14T20:03:25,090][WARN ][o.e.d.i.m.StringFieldMapper$TypeParser] The [string] field is deprecated, please use [text] or [keyword] instead on [timelion_sheet]
[2017-06-14T20:03:25,091][WARN ][o.e.d.i.m.StringFieldMapper$TypeParser] The [string] field is deprecated, please use [text] or [keyword] instead on [timelion_interval]
[2017-06-14T20:03:25,091][WARN ][o.e.d.i.m.StringFieldMapper$TypeParser] The [string] field is deprecated, please use [text] or [keyword] instead on [timelion_other_interval]
[2017-06-14T20:03:25,091][WARN ][o.e.d.i.m.StringFieldMapper$TypeParser] The [string] field is deprecated, please use [text] or [keyword] instead on [searchSourceJSON]
[2017-06-14T20:03:25,092][WARN ][o.e.d.i.m.StringFieldMapper$TypeParser] The [string] field is deprecated, please use [text] or [keyword] instead on [title]
[2017-06-14T20:03:25,093][WARN ][o.e.d.i.m.StringFieldMapper$TypeParser] The [string] field is deprecated, please use [text] or [keyword] instead on [description]
[2017-06-14T20:03:25,093][WARN ][o.e.d.i.m.StringFieldMapper$TypeParser] The [string] field is deprecated, please use [text] or [keyword] instead on [timelion_sheet]
[2017-06-14T20:03:25,093][WARN ][o.e.d.i.m.StringFieldMapper$TypeParser] The [string] field is deprecated, please use [text] or [keyword] instead on [timelion_interval]
[2017-06-14T20:03:25,093][WARN ][o.e.d.i.m.StringFieldMapper$TypeParser] The [string] field is deprecated, please use [text] or [keyword] instead on [timelion_other_interval]
[2017-06-14T20:03:25,093][WARN ][o.e.d.i.m.StringFieldMapper$TypeParser] The [string] field is deprecated, please use [text] or [keyword] instead on [searchSourceJSON]
[2017-06-14T20:03:25,337][WARN ][o.e.d.i.q.QueryParseContext] query malformed, empty clause found at [1:143]
[2017-06-21T21:05:41,593][WARN ][o.e.d.i.m.TypeParsers    ] field [include_in_all] is deprecated, as [_all] is deprecated, and will be disallowed in 6.0, use [copy_to] instead.
[2017-06-21T21:05:41,601][WARN ][o.e.d.i.m.TypeParsers    ] field [include_in_all] is deprecated, as [_all] is deprecated, and will be disallowed in 6.0, use [copy_to] instead.
[2017-06-21T21:08:00,902][WARN ][o.e.d.i.m.StringFieldMapper$TypeParser] The [string] field is deprecated, please use [text] or [keyword] instead on [title]
[2017-06-21T21:08:00,903][WARN ][o.e.d.i.m.StringFieldMapper$TypeParser] The [string] field is deprecated, please use [text] or [keyword] instead on [description]
[2017-06-21T21:08:00,903][WARN ][o.e.d.i.m.StringFieldMapper$TypeParser] The [string] field is deprecated, please use [text] or [keyword] instead on [columns]
[2017-06-21T21:08:00,904][WARN ][o.e.d.i.m.StringFieldMapper$TypeParser] The [string] field is deprecated, please use [text] or [keyword] instead on [sort]
[2017-06-21T21:08:00,905][WARN ][o.e.d.i.m.StringFieldMapper$TypeParser] The [string] field is deprecated, please use [text] or [keyword] instead on [searchSourceJSON]
[2017-06-21T21:08:00,907][WARN ][o.e.d.i.m.StringFieldMapper$TypeParser] The [string] field is deprecated, please use [text] or [keyword] instead on [title]
[2017-06-21T21:08:00,908][WARN ][o.e.d.i.m.StringFieldMapper$TypeParser] The [string] field is deprecated, please use [text] or [keyword] instead on [description]
[2017-06-21T21:08:00,908][WARN ][o.e.d.i.m.StringFieldMapper$TypeParser] The [string] field is deprecated, please use [text] or [keyword] instead on [columns]
[2017-06-21T21:08:00,908][WARN ][o.e.d.i.m.StringFieldMapper$TypeParser] The [string] field is deprecated, please use [text] or [keyword] instead on [sort]
[2017-06-21T21:08:00,908][WARN ][o.e.d.i.m.StringFieldMapper$TypeParser] The [string] field is deprecated, please use [text] or [keyword] instead on [searchSourceJSON]
[2017-06-21T21:20:53,943][WARN ][o.e.d.i.q.QueryParseContext] query malformed, empty clause found at [1:143]
