[2017-06-14T18:40:14,925][INFO ][o.e.n.Node               ] [OjXxzhp] stopping ...
[2017-06-14T18:40:15,007][INFO ][o.e.n.Node               ] [OjXxzhp] stopped
[2017-06-14T18:40:15,008][INFO ][o.e.n.Node               ] [OjXxzhp] closing ...
[2017-06-14T18:40:15,025][INFO ][o.e.n.Node               ] [OjXxzhp] closed
[2017-06-14T18:40:37,090][INFO ][o.e.n.Node               ] [] initializing ...
[2017-06-14T18:40:37,205][INFO ][o.e.e.NodeEnvironment    ] [OjXxzhp] using [1] data paths, mounts [[/ (/dev/disk1)]], net usable_space [193.5gb], net total_space [464.7gb], spins? [unknown], types [hfs]
[2017-06-14T18:40:37,206][INFO ][o.e.e.NodeEnvironment    ] [OjXxzhp] heap size [1.9gb], compressed ordinary object pointers [true]
[2017-06-14T18:40:37,227][INFO ][o.e.n.Node               ] node name [OjXxzhp] derived from node ID [OjXxzhp_RLSWBEFXf-LndA]; set [node.name] to override
[2017-06-14T18:40:37,227][INFO ][o.e.n.Node               ] version[5.4.1], pid[41396], build[2cfe0df/2017-05-29T16:05:51.443Z], OS[Mac OS X/10.12.5/x86_64], JVM[Oracle Corporation/Java HotSpot(TM) 64-Bit Server VM/1.8.0_60/25.60-b23]
[2017-06-14T18:40:37,227][INFO ][o.e.n.Node               ] JVM arguments [-Xms2g, -Xmx2g, -XX:+UseConcMarkSweepGC, -XX:CMSInitiatingOccupancyFraction=75, -XX:+UseCMSInitiatingOccupancyOnly, -XX:+DisableExplicitGC, -XX:+AlwaysPreTouch, -Xss1m, -Djava.awt.headless=true, -Dfile.encoding=UTF-8, -Djna.nosys=true, -Djdk.io.permissionsUseCanonicalPath=true, -Dio.netty.noUnsafe=true, -Dio.netty.noKeySetOptimization=true, -Dio.netty.recycler.maxCapacityPerThread=0, -Dlog4j.shutdownHookEnabled=false, -Dlog4j2.disable.jmx=true, -Dlog4j.skipJansi=true, -XX:+HeapDumpOnOutOfMemoryError, -Des.path.home=/Users/jwdepetro/Source/elasticsearch-5.4.1]
[2017-06-14T18:40:38,308][INFO ][o.e.p.PluginsService     ] [OjXxzhp] loaded module [aggs-matrix-stats]
[2017-06-14T18:40:38,308][INFO ][o.e.p.PluginsService     ] [OjXxzhp] loaded module [ingest-common]
[2017-06-14T18:40:38,309][INFO ][o.e.p.PluginsService     ] [OjXxzhp] loaded module [lang-expression]
[2017-06-14T18:40:38,309][INFO ][o.e.p.PluginsService     ] [OjXxzhp] loaded module [lang-groovy]
[2017-06-14T18:40:38,309][INFO ][o.e.p.PluginsService     ] [OjXxzhp] loaded module [lang-mustache]
[2017-06-14T18:40:38,309][INFO ][o.e.p.PluginsService     ] [OjXxzhp] loaded module [lang-painless]
[2017-06-14T18:40:38,309][INFO ][o.e.p.PluginsService     ] [OjXxzhp] loaded module [percolator]
[2017-06-14T18:40:38,309][INFO ][o.e.p.PluginsService     ] [OjXxzhp] loaded module [reindex]
[2017-06-14T18:40:38,309][INFO ][o.e.p.PluginsService     ] [OjXxzhp] loaded module [transport-netty3]
[2017-06-14T18:40:38,309][INFO ][o.e.p.PluginsService     ] [OjXxzhp] loaded module [transport-netty4]
[2017-06-14T18:40:38,310][INFO ][o.e.p.PluginsService     ] [OjXxzhp] no plugins loaded
[2017-06-14T18:40:40,239][INFO ][o.e.d.DiscoveryModule    ] [OjXxzhp] using discovery type [zen]
[2017-06-14T18:40:40,866][INFO ][o.e.n.Node               ] initialized
[2017-06-14T18:40:40,866][INFO ][o.e.n.Node               ] [OjXxzhp] starting ...
[2017-06-14T18:40:41,153][INFO ][o.e.t.TransportService   ] [OjXxzhp] publish_address {127.0.0.1:9300}, bound_addresses {[fe80::1]:9300}, {[::1]:9300}, {127.0.0.1:9300}
[2017-06-14T18:40:44,220][INFO ][o.e.c.s.ClusterService   ] [OjXxzhp] new_master {OjXxzhp}{OjXxzhp_RLSWBEFXf-LndA}{V2fGKY1IRnC7KOvwTzW6TQ}{127.0.0.1}{127.0.0.1:9300}, reason: zen-disco-elected-as-master ([0] nodes joined)
[2017-06-14T18:40:44,242][INFO ][o.e.h.n.Netty4HttpServerTransport] [OjXxzhp] publish_address {127.0.0.1:9200}, bound_addresses {[fe80::1]:9200}, {[::1]:9200}, {127.0.0.1:9200}
[2017-06-14T18:40:44,246][INFO ][o.e.n.Node               ] [OjXxzhp] started
[2017-06-14T18:40:44,446][INFO ][o.e.g.GatewayService     ] [OjXxzhp] recovered [2] indices into cluster_state
[2017-06-14T18:40:44,718][INFO ][o.e.c.r.a.AllocationService] [OjXxzhp] Cluster health status changed from [RED] to [YELLOW] (reason: [shards started [[.kibana][0]] ...]).
[2017-06-14T18:42:18,145][INFO ][o.e.m.j.JvmGcMonitorService] [OjXxzhp] [gc][97] overhead, spent [285ms] collecting in the last [1s]
[2017-06-14T19:38:12,151][INFO ][o.e.c.m.MetaDataMappingService] [OjXxzhp] [crm/pNS3gXeFTw6ShZuRbYqsig] update_mapping [contact]
[2017-06-14T20:03:25,096][INFO ][o.e.c.m.MetaDataMappingService] [OjXxzhp] [.kibana/ogQSzYYnQVWNBAS06KmOhg] create_mapping [timelion-sheet]
